<?xml version="1.0" encoding="UTF-8"?>
<!-- Generated by org.testng.reporters.JUnitReportReporter -->
<testsuite hostname="WINSJ186053-WIC" name="TestScripts.UninstallApp" tests="1" failures="0" timestamp="10 Feb 2016 04:56:52 GMT" time="49.536" errors="0">
  <testcase name="deleteApp" time="49.536" classname="TestScripts.UninstallApp"/>
</testsuite> <!-- TestScripts.UninstallApp -->
