<?xml version="1.0" encoding="UTF-8"?>
<!-- Generated by org.testng.reporters.JUnitReportReporter -->
<testsuite hostname="WINSJ186053-WIC" name="TestScripts.test" tests="1" failures="0" timestamp="25 Feb 2016 10:12:32 GMT" time="0.010" errors="0">
  <testcase name="getCollectionReference" time="0.010" classname="TestScripts.test"/>
</testsuite> <!-- TestScripts.test -->
