<?xml version="1.0" encoding="UTF-8"?>
<!-- Generated by org.testng.reporters.JUnitReportReporter -->
<testsuite hostname="WINRS186098-24E" name="TestScripts.E2E" tests="3" failures="0" timestamp="24 Feb 2016 08:17:09 GMT" time="134.754" errors="0">
  <testcase name="verifyVisualization" time="22.283" classname="TestScripts.E2E"/>
  <testcase name="endToEndTest" time="74.161" classname="TestScripts.E2E"/>
  <testcase name="uninstallApp" time="38.310" classname="TestScripts.E2E"/>
</testsuite> <!-- TestScripts.E2E -->
