<?xml version="1.0" encoding="UTF-8"?>
<!-- Generated by org.testng.reporters.JUnitReportReporter -->
<testsuite hostname="WINSJ186053-WIC" name="TestScripts.CollectionTests" tests="1" failures="0" timestamp="11 Feb 2016 13:42:07 GMT" time="24.110" errors="0">
  <testcase name="collectionProcess" time="24.110" classname="TestScripts.CollectionTests"/>
</testsuite> <!-- TestScripts.CollectionTests -->
